<?xml version="1.0" encoding="UTF-8"?>
<!-- Generated by org.testng.reporters.JUnitXMLReporter -->
<testsuite ignored="2" hostname="LIN-5CG134B0LH" failures="0" tests="5" name="Car Loan" time="0.069" errors="0" timestamp="2024-03-27T16:49:00 IST">
  <testcase classname="TestNG.Test.Day3" name="MobileLogincarLoan" time="0.006"/>
  <testcase classname="TestNG.Test.Day3" name="MobilesignoutcarLoan" time="0.001"/>
  <testcase classname="TestNG.Test.Day3" name="MobilesignoutcarLoan" time="0.001"/>
  <testcase classname="TestNG.Test.Day3" name="MobilesignoutcarLoan" time="0.001"/>
  <testcase classname="TestNG.Test.Day3" name="WebloginCarLoan" time="0.001"/>
  <testcase classname="TestNG.Test.Day3" name="MobilesignimcarLoan" time="0.0">
    <ignored/>
  </testcase> <!-- MobilesignimcarLoan -->
  <testcase classname="TestNG.Test.Day3" name="APIcarLoan" time="0.0">
    <ignored/>
  </testcase> <!-- APIcarLoan -->
</testsuite> <!-- Car Loan -->
