<?xml version="1.0" encoding="UTF-8"?>
<testng-results ignored="0" total="3" passed="3" failed="0" skipped="0">
  <reporter-output>
  </reporter-output>
  <suite started-at="2024-05-07T14:34:20 IST" name="Default suite" finished-at="2024-05-07T14:34:27 IST" duration-ms="7550">
    <groups>
    </groups>
    <test started-at="2024-05-07T14:34:20 IST" name="Default test" finished-at="2024-05-07T14:34:27 IST" duration-ms="7550">
      <class name="Assessmentquestionone.AssessmentApiQuestion">
        <test-method signature="createUserUsingJsonFileData()[pri:0, instance:Assessmentquestionone.AssessmentApiQuestion@793be5ca]" started-at="2024-05-07T14:34:20 IST" name="createUserUsingJsonFileData" finished-at="2024-05-07T14:34:24 IST" duration-ms="3888" status="PASS">
          <reporter-output>
          </reporter-output>
        </test-method> <!-- createUserUsingJsonFileData -->
        <test-method signature="createUserUsingPojoClass()[pri:0, instance:Assessmentquestionone.AssessmentApiQuestion@793be5ca]" started-at="2024-05-07T14:34:24 IST" name="createUserUsingPojoClass" finished-at="2024-05-07T14:34:26 IST" duration-ms="1903" status="PASS">
          <reporter-output>
          </reporter-output>
        </test-method> <!-- createUserUsingPojoClass -->
        <test-method signature="createUserWithHashMap()[pri:0, instance:Assessmentquestionone.AssessmentApiQuestion@793be5ca]" started-at="2024-05-07T14:34:26 IST" name="createUserWithHashMap" finished-at="2024-05-07T14:34:27 IST" duration-ms="1726" status="PASS">
          <reporter-output>
          </reporter-output>
        </test-method> <!-- createUserWithHashMap -->
      </class> <!-- Assessmentquestionone.AssessmentApiQuestion -->
    </test> <!-- Default test -->
  </suite> <!-- Default suite -->
</testng-results>
