<?xml version="1.0" encoding="UTF-8"?>
<!-- Generated by org.testng.reporters.JUnitXMLReporter -->
<testsuite ignored="0" hostname="LIN-5CG134B0LH" failures="0" tests="3" name="Default test" time="7.55" errors="0" timestamp="2024-05-07T14:34:27 IST">
  <testcase classname="Assessmentquestionone.AssessmentApiQuestion" name="createUserUsingJsonFileData" time="3.888"/>
  <testcase classname="Assessmentquestionone.AssessmentApiQuestion" name="createUserUsingPojoClass" time="1.903"/>
  <testcase classname="Assessmentquestionone.AssessmentApiQuestion" name="createUserWithHashMap" time="1.726"/>
</testsuite> <!-- Default test -->
